--- Running Scenario 4: Price Discovery ---
--- Starting Test Scenario: scenario_4_price_discovery ---
Waiting for blockchain server... attempt 1/5
Blockchain server is ready.
Updating agent agent_0 (Tick: 1, Persona: Opportunistic Seller, Need: 13.566290625220196 MHz)...
  [agent_0] Action: Auction token_A (10 MHz) starting at $10.00 | Reasoning: Chosen action 'Auction token_A (10 MHz) starting at $10.00' with utility 5.00 based on persona 'Opportunistic Seller' and spectrum gap -1.433709374779804 MHz.
Updating agent agent_1 (Tick: 1, Persona: Opportunistic Seller, Need: 16.87815006911395 MHz)...
  [agent_1] Action: Auction token_I (15 MHz) starting at $15.00 | Reasoning: Chosen action 'Auction token_I (15 MHz) starting at $15.00' with utility 7.50 based on persona 'Opportunistic Seller' and spectrum gap -13.12184993088605 MHz.
Updating agent agent_2 (Tick: 1, Persona: Performance Driven Buyer, Need: 81.38447245718709 MHz)...
  [agent_2] Action: No action taken | Reasoning: No actions with positive utility or alignment with persona.
Updating agent agent_3 (Tick: 1, Persona: Budget Focused Buyer, Need: 86.48423637192226 MHz)...
  [agent_3] Action: No action taken | Reasoning: No actions with positive utility or alignment with persona.
Updating agent agent_4 (Tick: 1, Persona: Balanced, Need: 45.57322659123686 MHz)...
  [agent_4] Action: No action taken | Reasoning: No actions with positive utility or alignment with persona.
Updating agent agent_0 (Tick: 2, Persona: Opportunistic Seller, Need: 14.546465611175124 MHz)...
  [agent_0] Action: Auction token_J (5 MHz) starting at $5.00 | Reasoning: Chosen action 'Auction token_J (5 MHz) starting at $5.00' with utility 2.50 based on persona 'Opportunistic Seller' and spectrum gap -0.45353438882487573 MHz.
Updating agent agent_1 (Tick: 2, Persona: Opportunistic Seller, Need: 15.520083104676786 MHz)...
  [agent_1] Action: Auction token_C (15 MHz) starting at $15.00 | Reasoning: Chosen action 'Auction token_C (15 MHz) starting at $15.00' with utility 7.50 based on persona 'Opportunistic Seller' and spectrum gap -14.479916895323214 MHz.
Updating agent agent_2 (Tick: 2, Persona: Performance Driven Buyer, Need: 79.0548809274238 MHz)...
  [agent_2] Action: Bid $123.50 on token_I (15 MHz) | Reasoning: Chosen action 'Bid $123.50 on token_I (15 MHz)' with utility 20.63 based on persona 'Performance Driven Buyer' and spectrum gap 59.054880927423795 MHz.
Updating agent agent_3 (Tick: 2, Persona: Budget Focused Buyer, Need: 85.0514013693752 MHz)...
  [agent_3] Action: Bid $116.11 on token_I (15 MHz) | Reasoning: Chosen action 'Bid $116.11 on token_I (15 MHz)' with utility 34.85 based on persona 'Budget Focused Buyer' and spectrum gap 65.0514013693752 MHz.
Updating agent agent_4 (Tick: 2, Persona: Balanced, Need: 48.160180554391275 MHz)...
  [agent_4] Action: Bid $70.85 on token_I (15 MHz) | Reasoning: Chosen action 'Bid $70.85 on token_I (15 MHz)' with utility 7.68 based on persona 'Balanced' and spectrum gap 33.160180554391275 MHz.
Updating agent agent_0 (Tick: 3, Persona: Opportunistic Seller, Need: 14.925986704644728 MHz)...
  [agent_0] Action: No action taken | Reasoning: No actions with positive utility or alignment with persona.
Updating agent agent_1 (Tick: 3, Persona: Opportunistic Seller, Need: 18.035650069898924 MHz)...
  [agent_1] Action: No action taken | Reasoning: No actions with positive utility or alignment with persona.
Updating agent agent_2 (Tick: 3, Persona: Performance Driven Buyer, Need: 83.84091477500567 MHz)...
  [agent_2] Action: Bid $135.61 on token_C (15 MHz) | Reasoning: Chosen action 'Bid $135.61 on token_C (15 MHz)' with utility 22.93 based on persona 'Performance Driven Buyer' and spectrum gap 63.84091477500567 MHz.
Updating agent agent_3 (Tick: 3, Persona: Budget Focused Buyer, Need: 85.26749886834233 MHz)...
  [agent_3] Action: Bid $116.57 on token_C (15 MHz) | Reasoning: Chosen action 'Bid $116.57 on token_C (15 MHz)' with utility 35.01 based on persona 'Budget Focused Buyer' and spectrum gap 65.26749886834233 MHz.
Updating agent agent_4 (Tick: 3, Persona: Balanced, Need: 46.24401923511261 MHz)...
  [agent_4] Action: Bid $66.92 on token_C (15 MHz) | Reasoning: Chosen action 'Bid $66.92 on token_C (15 MHz)' with utility 7.14 based on persona 'Balanced' and spectrum gap 31.24401923511261 MHz.
Updating agent agent_0 (Tick: 4, Persona: Opportunistic Seller, Need: 5.9829160566614625 MHz)...
  [agent_0] Action: No action taken | Reasoning: No actions with positive utility or alignment with persona.
Updating agent agent_1 (Tick: 4, Persona: Opportunistic Seller, Need: 18.998542230942117 MHz)...
  [agent_1] Action: No action taken | Reasoning: No actions with positive utility or alignment with persona.
Updating agent agent_2 (Tick: 4, Persona: Performance Driven Buyer, Need: 76.8592568099177 MHz)...
  [agent_2] Action: Bid $103.99 on token_J (5 MHz) | Reasoning: Chosen action 'Bid $103.99 on token_J (5 MHz)' with utility 18.82 based on persona 'Performance Driven Buyer' and spectrum gap 56.859256809917696 MHz.
Updating agent agent_3 (Tick: 4, Persona: Budget Focused Buyer, Need: 85.70553429918215 MHz)...
  [agent_3] Action: Bid $103.62 on token_J (5 MHz) | Reasoning: Chosen action 'Bid $103.62 on token_J (5 MHz)' with utility 33.99 based on persona 'Budget Focused Buyer' and spectrum gap 65.70553429918215 MHz.
Updating agent agent_4 (Tick: 4, Persona: Balanced, Need: 53.35453796235092 MHz)...
  [agent_4] Action: Bid $68.94 on token_J (5 MHz) | Reasoning: Chosen action 'Bid $68.94 on token_J (5 MHz)' with utility 8.79 based on persona 'Balanced' and spectrum gap 38.35453796235092 MHz.
Updating agent agent_0 (Tick: 5, Persona: Opportunistic Seller, Need: 12.509630084158259 MHz)...
  [agent_0] Increasing price for token_A to 11.00
  [agent_0] Action: Bid $83.10 on token_C (15 MHz) | Reasoning: Chosen action 'Bid $83.10 on token_C (15 MHz)' with utility 1.94 based on persona 'Opportunistic Seller' and spectrum gap 7.509630084158259 MHz.
Updating agent agent_1 (Tick: 5, Persona: Opportunistic Seller, Need: 18.189233196274323 MHz)...
  [agent_1] Increasing price for token_I to 16.50
  [agent_1] Action: No action taken | Reasoning: No actions with positive utility or alignment with persona.
Updating agent agent_2 (Tick: 5, Persona: Performance Driven Buyer, Need: 84.79162691179768 MHz)...
  [agent_2] Action: Bid $151.66 on token_C (15 MHz) | Reasoning: Chosen action 'Bid $151.66 on token_C (15 MHz)' with utility 14.57 based on persona 'Performance Driven Buyer' and spectrum gap 39.79162691179768 MHz.
Updating agent agent_3 (Tick: 5, Persona: Budget Focused Buyer, Need: 86.2599626657735 MHz)...
  [agent_3] Action: Bid $196.98 on token_C (15 MHz) | Reasoning: Chosen action 'Bid $196.98 on token_C (15 MHz)' with utility 42.03 based on persona 'Budget Focused Buyer' and spectrum gap 66.2599626657735 MHz.
Updating agent agent_4 (Tick: 5, Persona: Balanced, Need: 52.78606832451709 MHz)...
  [agent_4] Action: Bid $152.71 on token_C (15 MHz) | Reasoning: Chosen action 'Bid $152.71 on token_C (15 MHz)' with utility 10.67 based on persona 'Balanced' and spectrum gap 37.78606832451709 MHz.
Updating agent agent_0 (Tick: 6, Persona: Opportunistic Seller, Need: 13.768170399168579 MHz)...
  [agent_0] Increasing price for token_J to 5.50
  [agent_0] Action: No action taken | Reasoning: No actions with positive utility or alignment with persona.
Updating agent agent_1 (Tick: 6, Persona: Opportunistic Seller, Need: 17.030494652217957 MHz)...
  [agent_1] Increasing price for token_C to 16.50
  [agent_1] Action: No action taken | Reasoning: No actions with positive utility or alignment with persona.
Updating agent agent_2 (Tick: 6, Persona: Performance Driven Buyer, Need: 78.29525447534465 MHz)...
  [agent_2] Action: No action taken | Reasoning: No actions with positive utility or alignment with persona.
Updating agent agent_3 (Tick: 6, Persona: Budget Focused Buyer, Need: 87.71936313915552 MHz)...
  [agent_3] Action: No action taken | Reasoning: No actions with positive utility or alignment with persona.
Updating agent agent_4 (Tick: 6, Persona: Balanced, Need: 52.80865659261448 MHz)...
  [agent_4] Action: No action taken | Reasoning: No actions with positive utility or alignment with persona.
Updating agent agent_0 (Tick: 7, Persona: Opportunistic Seller, Need: 6.554053609599382 MHz)...
  [agent_0] Action: No action taken | Reasoning: No actions with positive utility or alignment with persona.
Updating agent agent_1 (Tick: 7, Persona: Opportunistic Seller, Need: 24.28386371564344 MHz)...
  [agent_1] Action: No action taken | Reasoning: No actions with positive utility or alignment with persona.
Updating agent agent_2 (Tick: 7, Persona: Performance Driven Buyer, Need: 79.28939853330877 MHz)...
  [agent_2] Action: No action taken | Reasoning: No actions with positive utility or alignment with persona.
Updating agent agent_3 (Tick: 7, Persona: Budget Focused Buyer, Need: 89.3812207388187 MHz)...
  [agent_3] Action: No action taken | Reasoning: No actions with positive utility or alignment with persona.
Updating agent agent_4 (Tick: 7, Persona: Balanced, Need: 50.30032214410901 MHz)...
  [agent_4] Action: No action taken | Reasoning: No actions with positive utility or alignment with persona.
Updating agent agent_0 (Tick: 8, Persona: Opportunistic Seller, Need: 14.336749878480251 MHz)...
  [agent_0] Action: No action taken | Reasoning: No actions with positive utility or alignment with persona.
Updating agent agent_1 (Tick: 8, Persona: Opportunistic Seller, Need: 21.64730454104737 MHz)...
  [agent_1] Action: No action taken | Reasoning: No actions with positive utility or alignment with persona.
Updating agent agent_2 (Tick: 8, Persona: Performance Driven Buyer, Need: 77.74748545642538 MHz)...
  [agent_2] Action: No action taken | Reasoning: No actions with positive utility or alignment with persona.
Updating agent agent_3 (Tick: 8, Persona: Budget Focused Buyer, Need: 90.85853036949328 MHz)...
  [agent_3] Action: No action taken | Reasoning: No actions with positive utility or alignment with persona.
Updating agent agent_4 (Tick: 8, Persona: Balanced, Need: 49.930256520325955 MHz)...
  [agent_4] Action: No action taken | Reasoning: No actions with positive utility or alignment with persona.
Updating agent agent_0 (Tick: 9, Persona: Opportunistic Seller, Need: 5.995921916860203 MHz)...
  [agent_0] Action: No action taken | Reasoning: No actions with positive utility or alignment with persona.
Updating agent agent_1 (Tick: 9, Persona: Opportunistic Seller, Need: 21.927974577328104 MHz)...
  [agent_1] Action: No action taken | Reasoning: No actions with positive utility or alignment with persona.
Updating agent agent_2 (Tick: 9, Persona: Performance Driven Buyer, Need: 82.14653542027615 MHz)...
  [agent_2] Action: No action taken | Reasoning: No actions with positive utility or alignment with persona.
Updating agent agent_3 (Tick: 9, Persona: Budget Focused Buyer, Need: 89.85343724959503 MHz)...
  [agent_3] Action: No action taken | Reasoning: No actions with positive utility or alignment with persona.
Updating agent agent_4 (Tick: 9, Persona: Balanced, Need: 49.49907504276462 MHz)...
  [agent_4] Action: No action taken | Reasoning: No actions with positive utility or alignment with persona.
Updating agent agent_0 (Tick: 10, Persona: Opportunistic Seller, Need: 13.781989119990401 MHz)...
  [agent_0] Action: No action taken | Reasoning: No actions with positive utility or alignment with persona.
Updating agent agent_1 (Tick: 10, Persona: Opportunistic Seller, Need: 18.513652582144545 MHz)...
  [agent_1] Action: No action taken | Reasoning: No actions with positive utility or alignment with persona.
Updating agent agent_2 (Tick: 10, Persona: Performance Driven Buyer, Need: 77.51353672891521 MHz)...
  [agent_2] Action: No action taken | Reasoning: No actions with positive utility or alignment with persona.
Updating agent agent_3 (Tick: 10, Persona: Budget Focused Buyer, Need: 88.21874446843648 MHz)...
  [agent_3] Action: No action taken | Reasoning: No actions with positive utility or alignment with persona.
Updating agent agent_4 (Tick: 10, Persona: Balanced, Need: 53.593493802532066 MHz)...
  [agent_4] Action: No action taken | Reasoning: No actions with positive utility or alignment with persona.
Updating agent agent_0 (Tick: 11, Persona: Opportunistic Seller, Need: 8.065459915843523 MHz)...
  [agent_0] Action: No action taken | Reasoning: No actions with positive utility or alignment with persona.
Updating agent agent_1 (Tick: 11, Persona: Opportunistic Seller, Need: 18.558257386466387 MHz)...
  [agent_1] Action: No action taken | Reasoning: No actions with positive utility or alignment with persona.
Updating agent agent_2 (Tick: 11, Persona: Performance Driven Buyer, Need: 75.74889382409516 MHz)...
  [agent_2] Action: No action taken | Reasoning: No actions with positive utility or alignment with persona.
Updating agent agent_3 (Tick: 11, Persona: Budget Focused Buyer, Need: 88.06371768239467 MHz)...
  [agent_3] Action: No action taken | Reasoning: No actions with positive utility or alignment with persona.
Updating agent agent_4 (Tick: 11, Persona: Balanced, Need: 46.273260253798526 MHz)...
  [agent_4] Action: No action taken | Reasoning: No actions with positive utility or alignment with persona.
Updating agent agent_0 (Tick: 12, Persona: Opportunistic Seller, Need: 7.766406719122853 MHz)...
  [agent_0] Action: No action taken | Reasoning: No actions with positive utility or alignment with persona.
Updating agent agent_1 (Tick: 12, Persona: Opportunistic Seller, Need: 16.340775283022747 MHz)...
  [agent_1] Action: No action taken | Reasoning: No actions with positive utility or alignment with persona.
Updating agent agent_2 (Tick: 12, Persona: Performance Driven Buyer, Need: 82.16676297308894 MHz)...
  [agent_2] Action: No action taken | Reasoning: No actions with positive utility or alignment with persona.
Updating agent agent_3 (Tick: 12, Persona: Budget Focused Buyer, Need: 85.13637767748642 MHz)...
  [agent_3] Action: No action taken | Reasoning: No actions with positive utility or alignment with persona.
Updating agent agent_4 (Tick: 12, Persona: Balanced, Need: 50.227134746366886 MHz)...
  [agent_4] Action: No action taken | Reasoning: No actions with positive utility or alignment with persona.
Updating agent agent_0 (Tick: 13, Persona: Opportunistic Seller, Need: 9.4665619038833 MHz)...
  [agent_0] Action: No action taken | Reasoning: No actions with positive utility or alignment with persona.
Updating agent agent_1 (Tick: 13, Persona: Opportunistic Seller, Need: 17.445283694102855 MHz)...
  [agent_1] Action: No action taken | Reasoning: No actions with positive utility or alignment with persona.
Updating agent agent_2 (Tick: 13, Persona: Performance Driven Buyer, Need: 78.89786047558319 MHz)...
  [agent_2] Action: No action taken | Reasoning: No actions with positive utility or alignment with persona.
Updating agent agent_3 (Tick: 13, Persona: Budget Focused Buyer, Need: 88.3949834369429 MHz)...
  [agent_3] Action: No action taken | Reasoning: No actions with positive utility or alignment with persona.
Updating agent agent_4 (Tick: 13, Persona: Balanced, Need: 49.40455323306681 MHz)...
  [agent_4] Action: No action taken | Reasoning: No actions with positive utility or alignment with persona.
Updating agent agent_0 (Tick: 14, Persona: Opportunistic Seller, Need: 5.482767488404287 MHz)...
  [agent_0] Action: No action taken | Reasoning: No actions with positive utility or alignment with persona.
Updating agent agent_1 (Tick: 14, Persona: Opportunistic Seller, Need: 19.313674167153493 MHz)...
  [agent_1] Action: No action taken | Reasoning: No actions with positive utility or alignment with persona.
Updating agent agent_2 (Tick: 14, Persona: Performance Driven Buyer, Need: 75.65118166072727 MHz)...
  [agent_2] Action: No action taken | Reasoning: No actions with positive utility or alignment with persona.
Updating agent agent_3 (Tick: 14, Persona: Budget Focused Buyer, Need: 87.40331393681626 MHz)...
  [agent_3] Action: No action taken | Reasoning: No actions with positive utility or alignment with persona.
Updating agent agent_4 (Tick: 14, Persona: Balanced, Need: 47.575048921621324 MHz)...
  [agent_4] Action: No action taken | Reasoning: No actions with positive utility or alignment with persona.
Updating agent agent_0 (Tick: 15, Persona: Opportunistic Seller, Need: 9.953724620828925 MHz)...
  [agent_0] Action: No action taken | Reasoning: No actions with positive utility or alignment with persona.
Updating agent agent_1 (Tick: 15, Persona: Opportunistic Seller, Need: 18.78556822353712 MHz)...
  [agent_1] Action: No action taken | Reasoning: No actions with positive utility or alignment with persona.
Updating agent agent_2 (Tick: 15, Persona: Performance Driven Buyer, Need: 84.23824829608843 MHz)...
  [agent_2] Action: No action taken | Reasoning: No actions with positive utility or alignment with persona.
Updating agent agent_3 (Tick: 15, Persona: Budget Focused Buyer, Need: 87.75794917152018 MHz)...
  [agent_3] Action: No action taken | Reasoning: No actions with positive utility or alignment with persona.
Updating agent agent_4 (Tick: 15, Persona: Balanced, Need: 46.695216063116746 MHz)...
  [agent_4] Action: No action taken | Reasoning: No actions with positive utility or alignment with persona.
Updating agent agent_0 (Tick: 16, Persona: Opportunistic Seller, Need: 5.501109818051873 MHz)...
  [agent_0] Action: No action taken | Reasoning: No actions with positive utility or alignment with persona.
Updating agent agent_1 (Tick: 16, Persona: Opportunistic Seller, Need: 19.0163763524749 MHz)...
  [agent_1] Action: No action taken | Reasoning: No actions with positive utility or alignment with persona.
Updating agent agent_2 (Tick: 16, Persona: Performance Driven Buyer, Need: 84.43694097838049 MHz)...
  [agent_2] Action: No action taken | Reasoning: No actions with positive utility or alignment with persona.
Updating agent agent_3 (Tick: 16, Persona: Budget Focused Buyer, Need: 85.7922225447195 MHz)...
  [agent_3] Action: No action taken | Reasoning: No actions with positive utility or alignment with persona.
Updating agent agent_4 (Tick: 16, Persona: Balanced, Need: 54.606657095027956 MHz)...
  [agent_4] Action: No action taken | Reasoning: No actions with positive utility or alignment with persona.
Updating agent agent_0 (Tick: 17, Persona: Opportunistic Seller, Need: 9.51312643949369 MHz)...
  [agent_0] Action: No action taken | Reasoning: No actions with positive utility or alignment with persona.
Updating agent agent_1 (Tick: 17, Persona: Opportunistic Seller, Need: 19.774646122054023 MHz)...
  [agent_1] Action: No action taken | Reasoning: No actions with positive utility or alignment with persona.
Updating agent agent_2 (Tick: 17, Persona: Performance Driven Buyer, Need: 80.40710602747208 MHz)...
  [agent_2] Action: No action taken | Reasoning: No actions with positive utility or alignment with persona.
Updating agent agent_3 (Tick: 17, Persona: Budget Focused Buyer, Need: 92.82628759218247 MHz)...
  [agent_3] Action: No action taken | Reasoning: No actions with positive utility or alignment with persona.
Updating agent agent_4 (Tick: 17, Persona: Balanced, Need: 46.9391696806585 MHz)...
  [agent_4] Action: No action taken | Reasoning: No actions with positive utility or alignment with persona.
Updating agent agent_0 (Tick: 18, Persona: Opportunistic Seller, Need: 12.997525944099785 MHz)...
  [agent_0] Action: No action taken | Reasoning: No actions with positive utility or alignment with persona.
Updating agent agent_1 (Tick: 18, Persona: Opportunistic Seller, Need: 20.636176981507877 MHz)...
  [agent_1] Action: No action taken | Reasoning: No actions with positive utility or alignment with persona.
Updating agent agent_2 (Tick: 18, Persona: Performance Driven Buyer, Need: 83.25781640128677 MHz)...
  [agent_2] Action: No action taken | Reasoning: No actions with positive utility or alignment with persona.
Updating agent agent_3 (Tick: 18, Persona: Budget Focused Buyer, Need: 88.4320587348008 MHz)...
  [agent_3] Action: No action taken | Reasoning: No actions with positive utility or alignment with persona.
Updating agent agent_4 (Tick: 18, Persona: Balanced, Need: 52.28842000904516 MHz)...
  [agent_4] Action: No action taken | Reasoning: No actions with positive utility or alignment with persona.
Updating agent agent_0 (Tick: 19, Persona: Opportunistic Seller, Need: 12.581310537139355 MHz)...
  [agent_0] Action: No action taken | Reasoning: No actions with positive utility or alignment with persona.
Updating agent agent_1 (Tick: 19, Persona: Opportunistic Seller, Need: 16.21447511585279 MHz)...
  [agent_1] Action: No action taken | Reasoning: No actions with positive utility or alignment with persona.
Updating agent agent_2 (Tick: 19, Persona: Performance Driven Buyer, Need: 82.621339124881 MHz)...
  [agent_2] Action: No action taken | Reasoning: No actions with positive utility or alignment with persona.
Updating agent agent_3 (Tick: 19, Persona: Budget Focused Buyer, Need: 87.98660492539877 MHz)...
  [agent_3] Action: No action taken | Reasoning: No actions with positive utility or alignment with persona.
Updating agent agent_4 (Tick: 19, Persona: Balanced, Need: 50.876856484462195 MHz)...
  [agent_4] Action: No action taken | Reasoning: No actions with positive utility or alignment with persona.
Updating agent agent_0 (Tick: 20, Persona: Opportunistic Seller, Need: 9.263200682897063 MHz)...
  [agent_0] Action: No action taken | Reasoning: No actions with positive utility or alignment with persona.
Updating agent agent_1 (Tick: 20, Persona: Opportunistic Seller, Need: 21.304500932360952 MHz)...
  [agent_1] Action: No action taken | Reasoning: No actions with positive utility or alignment with persona.
Updating agent agent_2 (Tick: 20, Persona: Performance Driven Buyer, Need: 77.99154320378146 MHz)...
  [agent_2] Action: No action taken | Reasoning: No actions with positive utility or alignment with persona.
Updating agent agent_3 (Tick: 20, Persona: Budget Focused Buyer, Need: 92.05061855708587 MHz)...
  [agent_3] Action: No action taken | Reasoning: No actions with positive utility or alignment with persona.
Updating agent agent_4 (Tick: 20, Persona: Balanced, Need: 45.32399309576271 MHz)...
  [agent_4] Action: No action taken | Reasoning: No actions with positive utility or alignment with persona.
Updating agent agent_0 (Tick: 21, Persona: Opportunistic Seller, Need: 14.088391287408452 MHz)...
  [agent_0] Action: No action taken | Reasoning: No actions with positive utility or alignment with persona.
Updating agent agent_1 (Tick: 21, Persona: Opportunistic Seller, Need: 15.882217313294946 MHz)...
  [agent_1] Action: No action taken | Reasoning: No actions with positive utility or alignment with persona.
Updating agent agent_2 (Tick: 21, Persona: Performance Driven Buyer, Need: 80.55976182563089 MHz)...
  [agent_2] Action: No action taken | Reasoning: No actions with positive utility or alignment with persona.
Updating agent agent_3 (Tick: 21, Persona: Budget Focused Buyer, Need: 88.36527859443784 MHz)...
  [agent_3] Action: No action taken | Reasoning: No actions with positive utility or alignment with persona.
Updating agent agent_4 (Tick: 21, Persona: Balanced, Need: 53.09846763866966 MHz)...
  [agent_4] Action: No action taken | Reasoning: No actions with positive utility or alignment with persona.
Updating agent agent_0 (Tick: 22, Persona: Opportunistic Seller, Need: 6.215694454041023 MHz)...
  [agent_0] Action: No action taken | Reasoning: No actions with positive utility or alignment with persona.
Updating agent agent_1 (Tick: 22, Persona: Opportunistic Seller, Need: 18.02445025373381 MHz)...
  [agent_1] Action: No action taken | Reasoning: No actions with positive utility or alignment with persona.
Updating agent agent_2 (Tick: 22, Persona: Performance Driven Buyer, Need: 81.08654471787894 MHz)...
  [agent_2] Action: No action taken | Reasoning: No actions with positive utility or alignment with persona.
Updating agent agent_3 (Tick: 22, Persona: Budget Focused Buyer, Need: 94.40785812780247 MHz)...
  [agent_3] Action: No action taken | Reasoning: No actions with positive utility or alignment with persona.
Updating agent agent_4 (Tick: 22, Persona: Balanced, Need: 49.216386468646235 MHz)...
  [agent_4] Action: No action taken | Reasoning: No actions with positive utility or alignment with persona.
Updating agent agent_0 (Tick: 23, Persona: Opportunistic Seller, Need: 6.141227822384307 MHz)...
  [agent_0] Action: No action taken | Reasoning: No actions with positive utility or alignment with persona.
Updating agent agent_1 (Tick: 23, Persona: Opportunistic Seller, Need: 20.19745219722415 MHz)...
  [agent_1] Action: No action taken | Reasoning: No actions with positive utility or alignment with persona.
Updating agent agent_2 (Tick: 23, Persona: Performance Driven Buyer, Need: 78.64903787863004 MHz)...
  [agent_2] Action: No action taken | Reasoning: No actions with positive utility or alignment with persona.
Updating agent agent_3 (Tick: 23, Persona: Budget Focused Buyer, Need: 86.73846794681248 MHz)...
  [agent_3] Action: No action taken | Reasoning: No actions with positive utility or alignment with persona.
Updating agent agent_4 (Tick: 23, Persona: Balanced, Need: 46.62287821059585 MHz)...
  [agent_4] Action: No action taken | Reasoning: No actions with positive utility or alignment with persona.
Updating agent agent_0 (Tick: 24, Persona: Opportunistic Seller, Need: 5.115228725145852 MHz)...
  [agent_0] Action: No action taken | Reasoning: No actions with positive utility or alignment with persona.
Updating agent agent_1 (Tick: 24, Persona: Opportunistic Seller, Need: 20.33621749468352 MHz)...
  [agent_1] Action: No action taken | Reasoning: No actions with positive utility or alignment with persona.
Updating agent agent_2 (Tick: 24, Persona: Performance Driven Buyer, Need: 83.54010300782629 MHz)...
  [agent_2] Action: No action taken | Reasoning: No actions with positive utility or alignment with persona.
Updating agent agent_3 (Tick: 24, Persona: Budget Focused Buyer, Need: 90.29860828893678 MHz)...
  [agent_3] Action: No action taken | Reasoning: No actions with positive utility or alignment with persona.
Updating agent agent_4 (Tick: 24, Persona: Balanced, Need: 48.421016345864246 MHz)...
  [agent_4] Action: No action taken | Reasoning: No actions with positive utility or alignment with persona.
Updating agent agent_0 (Tick: 25, Persona: Opportunistic Seller, Need: 11.322063166820225 MHz)...
  [agent_0] Action: No action taken | Reasoning: No actions with positive utility or alignment with persona.
Updating agent agent_1 (Tick: 25, Persona: Opportunistic Seller, Need: 21.533796922291188 MHz)...
  [agent_1] Action: No action taken | Reasoning: No actions with positive utility or alignment with persona.
Updating agent agent_2 (Tick: 25, Persona: Performance Driven Buyer, Need: 81.87081157839052 MHz)...
  [agent_2] Action: No action taken | Reasoning: No actions with positive utility or alignment with persona.
Updating agent agent_3 (Tick: 25, Persona: Budget Focused Buyer, Need: 85.79813704717881 MHz)...
  [agent_3] Action: No action taken | Reasoning: No actions with positive utility or alignment with persona.
Updating agent agent_4 (Tick: 25, Persona: Balanced, Need: 51.264995153251505 MHz)...
  [agent_4] Action: No action taken | Reasoning: No actions with positive utility or alignment with persona.
Updating agent agent_0 (Tick: 26, Persona: Opportunistic Seller, Need: 5.656636132405978 MHz)...
  [agent_0] Action: No action taken | Reasoning: No actions with positive utility or alignment with persona.
Updating agent agent_1 (Tick: 26, Persona: Opportunistic Seller, Need: 22.73598916887248 MHz)...
  [agent_1] Action: No action taken | Reasoning: No actions with positive utility or alignment with persona.
Updating agent agent_2 (Tick: 26, Persona: Performance Driven Buyer, Need: 83.55190913545785 MHz)...
  [agent_2] Action: No action taken | Reasoning: No actions with positive utility or alignment with persona.
Updating agent agent_3 (Tick: 26, Persona: Budget Focused Buyer, Need: 90.19464589138455 MHz)...
  [agent_3] Action: No action taken | Reasoning: No actions with positive utility or alignment with persona.
Updating agent agent_4 (Tick: 26, Persona: Balanced, Need: 52.443931919574695 MHz)...
  [agent_4] Action: No action taken | Reasoning: No actions with positive utility or alignment with persona.
Updating agent agent_0 (Tick: 27, Persona: Opportunistic Seller, Need: 7.167008347425423 MHz)...
  [agent_0] Action: No action taken | Reasoning: No actions with positive utility or alignment with persona.
Updating agent agent_1 (Tick: 27, Persona: Opportunistic Seller, Need: 18.0349360436835 MHz)...
  [agent_1] Action: No action taken | Reasoning: No actions with positive utility or alignment with persona.
Updating agent agent_2 (Tick: 27, Persona: Performance Driven Buyer, Need: 84.27345263152091 MHz)...
  [agent_2] Action: No action taken | Reasoning: No actions with positive utility or alignment with persona.
Updating agent agent_3 (Tick: 27, Persona: Budget Focused Buyer, Need: 89.66516414322635 MHz)...
  [agent_3] Action: No action taken | Reasoning: No actions with positive utility or alignment with persona.
Updating agent agent_4 (Tick: 27, Persona: Balanced, Need: 50.06401723325008 MHz)...
  [agent_4] Action: No action taken | Reasoning: No actions with positive utility or alignment with persona.
Updating agent agent_0 (Tick: 28, Persona: Opportunistic Seller, Need: 9.786975181013752 MHz)...
  [agent_0] Action: No action taken | Reasoning: No actions with positive utility or alignment with persona.
Updating agent agent_1 (Tick: 28, Persona: Opportunistic Seller, Need: 21.83064974428119 MHz)...
  [agent_1] Action: No action taken | Reasoning: No actions with positive utility or alignment with persona.
Updating agent agent_2 (Tick: 28, Persona: Performance Driven Buyer, Need: 77.7102735915806 MHz)...
  [agent_2] Action: No action taken | Reasoning: No actions with positive utility or alignment with persona.
Updating agent agent_3 (Tick: 28, Persona: Budget Focused Buyer, Need: 90.2083005281965 MHz)...
  [agent_3] Action: No action taken | Reasoning: No actions with positive utility or alignment with persona.
Updating agent agent_4 (Tick: 28, Persona: Balanced, Need: 53.44378615694129 MHz)...
  [agent_4] Action: No action taken | Reasoning: No actions with positive utility or alignment with persona.
Updating agent agent_0 (Tick: 29, Persona: Opportunistic Seller, Need: 7.431801351342608 MHz)...
  [agent_0] Action: No action taken | Reasoning: No actions with positive utility or alignment with persona.
Updating agent agent_1 (Tick: 29, Persona: Opportunistic Seller, Need: 17.073668730543627 MHz)...
  [agent_1] Action: No action taken | Reasoning: No actions with positive utility or alignment with persona.
Updating agent agent_2 (Tick: 29, Persona: Performance Driven Buyer, Need: 77.74614829371619 MHz)...
  [agent_2] Action: No action taken | Reasoning: No actions with positive utility or alignment with persona.
Updating agent agent_3 (Tick: 29, Persona: Budget Focused Buyer, Need: 88.88913979807138 MHz)...
  [agent_3] Action: No action taken | Reasoning: No actions with positive utility or alignment with persona.
Updating agent agent_4 (Tick: 29, Persona: Balanced, Need: 53.704539426396934 MHz)...
  [agent_4] Action: No action taken | Reasoning: No actions with positive utility or alignment with persona.
Updating agent agent_0 (Tick: 30, Persona: Opportunistic Seller, Need: 7.930643465366444 MHz)...
  [agent_0] Action: No action taken | Reasoning: No actions with positive utility or alignment with persona.
Updating agent agent_1 (Tick: 30, Persona: Opportunistic Seller, Need: 22.8066120867105 MHz)...
  [agent_1] Action: No action taken | Reasoning: No actions with positive utility or alignment with persona.
Updating agent agent_2 (Tick: 30, Persona: Performance Driven Buyer, Need: 80.80075689499289 MHz)...
  [agent_2] Action: No action taken | Reasoning: No actions with positive utility or alignment with persona.
Updating agent agent_3 (Tick: 30, Persona: Budget Focused Buyer, Need: 94.60163066549006 MHz)...
  [agent_3] Action: No action taken | Reasoning: No actions with positive utility or alignment with persona.
Updating agent agent_4 (Tick: 30, Persona: Balanced, Need: 47.009611476918735 MHz)...
  [agent_4] Action: No action taken | Reasoning: No actions with positive utility or alignment with persona.
Updating agent agent_0 (Tick: 31, Persona: Opportunistic Seller, Need: 5.801565435166386 MHz)...
  [agent_0] Action: No action taken | Reasoning: No actions with positive utility or alignment with persona.
Updating agent agent_1 (Tick: 31, Persona: Opportunistic Seller, Need: 24.656355647507425 MHz)...
  [agent_1] Action: No action taken | Reasoning: No actions with positive utility or alignment with persona.
Updating agent agent_2 (Tick: 31, Persona: Performance Driven Buyer, Need: 83.78789556250598 MHz)...
  [agent_2] Action: No action taken | Reasoning: No actions with positive utility or alignment with persona.
Updating agent agent_3 (Tick: 31, Persona: Budget Focused Buyer, Need: 85.22840226372482 MHz)...
  [agent_3] Action: No action taken | Reasoning: No actions with positive utility or alignment with persona.
Updating agent agent_4 (Tick: 31, Persona: Balanced, Need: 48.770153626245204 MHz)...
  [agent_4] Action: No action taken | Reasoning: No actions with positive utility or alignment with persona.
Updating agent agent_0 (Tick: 32, Persona: Opportunistic Seller, Need: 11.661496820924626 MHz)...
  [agent_0] Action: No action taken | Reasoning: No actions with positive utility or alignment with persona.
Updating agent agent_1 (Tick: 32, Persona: Opportunistic Seller, Need: 23.413282115563845 MHz)...
  [agent_1] Action: No action taken | Reasoning: No actions with positive utility or alignment with persona.
Updating agent agent_2 (Tick: 32, Persona: Performance Driven Buyer, Need: 80.00776217402607 MHz)...
  [agent_2] Action: No action taken | Reasoning: No actions with positive utility or alignment with persona.
Updating agent agent_3 (Tick: 32, Persona: Budget Focused Buyer, Need: 92.51007588329573 MHz)...
  [agent_3] Action: No action taken | Reasoning: No actions with positive utility or alignment with persona.
Updating agent agent_4 (Tick: 32, Persona: Balanced, Need: 48.759953029067034 MHz)...
  [agent_4] Action: No action taken | Reasoning: No actions with positive utility or alignment with persona.
Updating agent agent_0 (Tick: 33, Persona: Opportunistic Seller, Need: 11.517714243479936 MHz)...
  [agent_0] Action: No action taken | Reasoning: No actions with positive utility or alignment with persona.
Updating agent agent_1 (Tick: 33, Persona: Opportunistic Seller, Need: 22.093945328269342 MHz)...
  [agent_1] Action: No action taken | Reasoning: No actions with positive utility or alignment with persona.
Updating agent agent_2 (Tick: 33, Persona: Performance Driven Buyer, Need: 83.574541675882 MHz)...
  [agent_2] Action: No action taken | Reasoning: No actions with positive utility or alignment with persona.
Updating agent agent_3 (Tick: 33, Persona: Budget Focused Buyer, Need: 89.80070292030476 MHz)...
  [agent_3] Action: No action taken | Reasoning: No actions with positive utility or alignment with persona.
Updating agent agent_4 (Tick: 33, Persona: Balanced, Need: 51.829988035002664 MHz)...
  [agent_4] Action: No action taken | Reasoning: No actions with positive utility or alignment with persona.
Updating agent agent_0 (Tick: 34, Persona: Opportunistic Seller, Need: 11.096296388321235 MHz)...
  [agent_0] Action: No action taken | Reasoning: No actions with positive utility or alignment with persona.
Updating agent agent_1 (Tick: 34, Persona: Opportunistic Seller, Need: 24.830536363755755 MHz)...
  [agent_1] Action: No action taken | Reasoning: No actions with positive utility or alignment with persona.
Updating agent agent_2 (Tick: 34, Persona: Performance Driven Buyer, Need: 78.98529900787779 MHz)...
  [agent_2] Action: No action taken | Reasoning: No actions with positive utility or alignment with persona.
Updating agent agent_3 (Tick: 34, Persona: Budget Focused Buyer, Need: 91.1534298443289 MHz)...
  [agent_3] Action: No action taken | Reasoning: No actions with positive utility or alignment with persona.
Updating agent agent_4 (Tick: 34, Persona: Balanced, Need: 46.8701978895871 MHz)...
  [agent_4] Action: No action taken | Reasoning: No actions with positive utility or alignment with persona.
Updating agent agent_0 (Tick: 35, Persona: Opportunistic Seller, Need: 6.586324171138048 MHz)...
  [agent_0] Action: No action taken | Reasoning: No actions with positive utility or alignment with persona.
Updating agent agent_1 (Tick: 35, Persona: Opportunistic Seller, Need: 24.479342879739566 MHz)...
  [agent_1] Action: No action taken | Reasoning: No actions with positive utility or alignment with persona.
Updating agent agent_2 (Tick: 35, Persona: Performance Driven Buyer, Need: 84.84112390500417 MHz)...
  [agent_2] Action: No action taken | Reasoning: No actions with positive utility or alignment with persona.
Updating agent agent_3 (Tick: 35, Persona: Budget Focused Buyer, Need: 88.01029080923914 MHz)...
  [agent_3] Action: No action taken | Reasoning: No actions with positive utility or alignment with persona.
Updating agent agent_4 (Tick: 35, Persona: Balanced, Need: 45.03787218777396 MHz)...
  [agent_4] Action: No action taken | Reasoning: No actions with positive utility or alignment with persona.
Updating agent agent_0 (Tick: 36, Persona: Opportunistic Seller, Need: 12.016827294145859 MHz)...
  [agent_0] Action: No action taken | Reasoning: No actions with positive utility or alignment with persona.
Updating agent agent_1 (Tick: 36, Persona: Opportunistic Seller, Need: 18.719301090708942 MHz)...
  [agent_1] Action: No action taken | Reasoning: No actions with positive utility or alignment with persona.
Updating agent agent_2 (Tick: 36, Persona: Performance Driven Buyer, Need: 77.24544361690323 MHz)...
  [agent_2] Action: No action taken | Reasoning: No actions with positive utility or alignment with persona.
Updating agent agent_3 (Tick: 36, Persona: Budget Focused Buyer, Need: 92.35416295463597 MHz)...
  [agent_3] Action: No action taken | Reasoning: No actions with positive utility or alignment with persona.
Updating agent agent_4 (Tick: 36, Persona: Balanced, Need: 54.14248754409778 MHz)...
  [agent_4] Action: No action taken | Reasoning: No actions with positive utility or alignment with persona.
Updating agent agent_0 (Tick: 37, Persona: Opportunistic Seller, Need: 10.508597889839074 MHz)...
  [agent_0] Action: No action taken | Reasoning: No actions with positive utility or alignment with persona.
Updating agent agent_1 (Tick: 37, Persona: Opportunistic Seller, Need: 19.542920370466756 MHz)...
  [agent_1] Action: No action taken | Reasoning: No actions with positive utility or alignment with persona.
Updating agent agent_2 (Tick: 37, Persona: Performance Driven Buyer, Need: 82.02567713236283 MHz)...
  [agent_2] Action: No action taken | Reasoning: No actions with positive utility or alignment with persona.
Updating agent agent_3 (Tick: 37, Persona: Budget Focused Buyer, Need: 93.20377895727194 MHz)...
  [agent_3] Action: No action taken | Reasoning: No actions with positive utility or alignment with persona.
Updating agent agent_4 (Tick: 37, Persona: Balanced, Need: 53.41461770489233 MHz)...
  [agent_4] Action: No action taken | Reasoning: No actions with positive utility or alignment with persona.
Updating agent agent_0 (Tick: 38, Persona: Opportunistic Seller, Need: 7.856176063836572 MHz)...
  [agent_0] Action: No action taken | Reasoning: No actions with positive utility or alignment with persona.
Updating agent agent_1 (Tick: 38, Persona: Opportunistic Seller, Need: 18.681145201753708 MHz)...
  [agent_1] Action: No action taken | Reasoning: No actions with positive utility or alignment with persona.
Updating agent agent_2 (Tick: 38, Persona: Performance Driven Buyer, Need: 76.29614362304278 MHz)...
  [agent_2] Action: No action taken | Reasoning: No actions with positive utility or alignment with persona.
Updating agent agent_3 (Tick: 38, Persona: Budget Focused Buyer, Need: 85.35240469560961 MHz)...
  [agent_3] Action: No action taken | Reasoning: No actions with positive utility or alignment with persona.
Updating agent agent_4 (Tick: 38, Persona: Balanced, Need: 45.577264519937195 MHz)...
  [agent_4] Action: No action taken | Reasoning: No actions with positive utility or alignment with persona.
Updating agent agent_0 (Tick: 39, Persona: Opportunistic Seller, Need: 8.266491558172802 MHz)...
  [agent_0] Action: No action taken | Reasoning: No actions with positive utility or alignment with persona.
Updating agent agent_1 (Tick: 39, Persona: Opportunistic Seller, Need: 20.71346698861022 MHz)...
  [agent_1] Action: No action taken | Reasoning: No actions with positive utility or alignment with persona.
Updating agent agent_2 (Tick: 39, Persona: Performance Driven Buyer, Need: 82.36562008222381 MHz)...
  [agent_2] Action: No action taken | Reasoning: No actions with positive utility or alignment with persona.
Updating agent agent_3 (Tick: 39, Persona: Budget Focused Buyer, Need: 92.02920594681711 MHz)...
  [agent_3] Action: No action taken | Reasoning: No actions with positive utility or alignment with persona.
Updating agent agent_4 (Tick: 39, Persona: Balanced, Need: 50.626092718899 MHz)...
  [agent_4] Action: No action taken | Reasoning: No actions with positive utility or alignment with persona.
Updating agent agent_0 (Tick: 40, Persona: Opportunistic Seller, Need: 6.005342260719345 MHz)...
  [agent_0] Action: No action taken | Reasoning: No actions with positive utility or alignment with persona.
Updating agent agent_1 (Tick: 40, Persona: Opportunistic Seller, Need: 20.853013750635725 MHz)...
  [agent_1] Action: No action taken | Reasoning: No actions with positive utility or alignment with persona.
Updating agent agent_2 (Tick: 40, Persona: Performance Driven Buyer, Need: 81.34724426536407 MHz)...
  [agent_2] Action: No action taken | Reasoning: No actions with positive utility or alignment with persona.
Updating agent agent_3 (Tick: 40, Persona: Budget Focused Buyer, Need: 86.60175405842855 MHz)...
  [agent_3] Action: No action taken | Reasoning: No actions with positive utility or alignment with persona.
Updating agent agent_4 (Tick: 40, Persona: Balanced, Need: 52.45465226958768 MHz)...
  [agent_4] Action: No action taken | Reasoning: No actions with positive utility or alignment with persona.
Updating agent agent_0 (Tick: 41, Persona: Opportunistic Seller, Need: 9.864912905068628 MHz)...
  [agent_0] Action: No action taken | Reasoning: No actions with positive utility or alignment with persona.
Updating agent agent_1 (Tick: 41, Persona: Opportunistic Seller, Need: 18.91367883642813 MHz)...
  [agent_1] Action: No action taken | Reasoning: No actions with positive utility or alignment with persona.
Updating agent agent_2 (Tick: 41, Persona: Performance Driven Buyer, Need: 84.25651150029779 MHz)...
  [agent_2] Action: No action taken | Reasoning: No actions with positive utility or alignment with persona.
Updating agent agent_3 (Tick: 41, Persona: Budget Focused Buyer, Need: 93.73516558700712 MHz)...
  [agent_3] Action: No action taken | Reasoning: No actions with positive utility or alignment with persona.
Updating agent agent_4 (Tick: 41, Persona: Balanced, Need: 45.013403147632545 MHz)...
  [agent_4] Action: No action taken | Reasoning: No actions with positive utility or alignment with persona.
Updating agent agent_0 (Tick: 42, Persona: Opportunistic Seller, Need: 7.679629724141063 MHz)...
  [agent_0] Action: No action taken | Reasoning: No actions with positive utility or alignment with persona.
Updating agent agent_1 (Tick: 42, Persona: Opportunistic Seller, Need: 21.624622397900012 MHz)...
  [agent_1] Action: No action taken | Reasoning: No actions with positive utility or alignment with persona.
Updating agent agent_2 (Tick: 42, Persona: Performance Driven Buyer, Need: 76.30922617241048 MHz)...
  [agent_2] Action: No action taken | Reasoning: No actions with positive utility or alignment with persona.
Updating agent agent_3 (Tick: 42, Persona: Budget Focused Buyer, Need: 89.58727222095034 MHz)...
  [agent_3] Action: No action taken | Reasoning: No actions with positive utility or alignment with persona.
Updating agent agent_4 (Tick: 42, Persona: Balanced, Need: 51.74245830722887 MHz)...
  [agent_4] Action: No action taken | Reasoning: No actions with positive utility or alignment with persona.
Updating agent agent_0 (Tick: 43, Persona: Opportunistic Seller, Need: 14.95856425650988 MHz)...
  [agent_0] Action: No action taken | Reasoning: No actions with positive utility or alignment with persona.
Updating agent agent_1 (Tick: 43, Persona: Opportunistic Seller, Need: 19.308448160156697 MHz)...
  [agent_1] Action: No action taken | Reasoning: No actions with positive utility or alignment with persona.
Updating agent agent_2 (Tick: 43, Persona: Performance Driven Buyer, Need: 76.35474319189446 MHz)...
  [agent_2] Action: No action taken | Reasoning: No actions with positive utility or alignment with persona.
Updating agent agent_3 (Tick: 43, Persona: Budget Focused Buyer, Need: 90.7999494394234 MHz)...
  [agent_3] Action: No action taken | Reasoning: No actions with positive utility or alignment with persona.
Updating agent agent_4 (Tick: 43, Persona: Balanced, Need: 52.31070108333455 MHz)...
  [agent_4] Action: No action taken | Reasoning: No actions with positive utility or alignment with persona.
Updating agent agent_0 (Tick: 44, Persona: Opportunistic Seller, Need: 11.908714624528175 MHz)...
  [agent_0] Action: No action taken | Reasoning: No actions with positive utility or alignment with persona.
Updating agent agent_1 (Tick: 44, Persona: Opportunistic Seller, Need: 18.708187426645875 MHz)...
  [agent_1] Action: No action taken | Reasoning: No actions with positive utility or alignment with persona.
Updating agent agent_2 (Tick: 44, Persona: Performance Driven Buyer, Need: 84.7006930594088 MHz)...
  [agent_2] Action: No action taken | Reasoning: No actions with positive utility or alignment with persona.
Updating agent agent_3 (Tick: 44, Persona: Budget Focused Buyer, Need: 94.46993904048533 MHz)...
  [agent_3] Action: No action taken | Reasoning: No actions with positive utility or alignment with persona.
Updating agent agent_4 (Tick: 44, Persona: Balanced, Need: 49.66320203235333 MHz)...
  [agent_4] Action: No action taken | Reasoning: No actions with positive utility or alignment with persona.
Updating agent agent_0 (Tick: 45, Persona: Opportunistic Seller, Need: 13.608256033058115 MHz)...
  [agent_0] Action: No action taken | Reasoning: No actions with positive utility or alignment with persona.
Updating agent agent_1 (Tick: 45, Persona: Opportunistic Seller, Need: 15.345155608147556 MHz)...
  [agent_1] Action: No action taken | Reasoning: No actions with positive utility or alignment with persona.
Updating agent agent_2 (Tick: 45, Persona: Performance Driven Buyer, Need: 76.31138506417909 MHz)...
  [agent_2] Action: No action taken | Reasoning: No actions with positive utility or alignment with persona.
Updating agent agent_3 (Tick: 45, Persona: Budget Focused Buyer, Need: 91.35438724110158 MHz)...
  [agent_3] Action: No action taken | Reasoning: No actions with positive utility or alignment with persona.
Updating agent agent_4 (Tick: 45, Persona: Balanced, Need: 54.15008924192822 MHz)...
  [agent_4] Action: No action taken | Reasoning: No actions with positive utility or alignment with persona.
Updating agent agent_0 (Tick: 46, Persona: Opportunistic Seller, Need: 12.32194334421018 MHz)...
  [agent_0] Action: No action taken | Reasoning: No actions with positive utility or alignment with persona.
Updating agent agent_1 (Tick: 46, Persona: Opportunistic Seller, Need: 16.651935741830115 MHz)...
  [agent_1] Action: No action taken | Reasoning: No actions with positive utility or alignment with persona.
Updating agent agent_2 (Tick: 46, Persona: Performance Driven Buyer, Need: 76.490093786281 MHz)...
  [agent_2] Action: No action taken | Reasoning: No actions with positive utility or alignment with persona.
Updating agent agent_3 (Tick: 46, Persona: Budget Focused Buyer, Need: 93.5552032699592 MHz)...
  [agent_3] Action: No action taken | Reasoning: No actions with positive utility or alignment with persona.
Updating agent agent_4 (Tick: 46, Persona: Balanced, Need: 49.730382311940765 MHz)...
  [agent_4] Action: No action taken | Reasoning: No actions with positive utility or alignment with persona.
Updating agent agent_0 (Tick: 47, Persona: Opportunistic Seller, Need: 12.981579333842946 MHz)...
  [agent_0] Action: No action taken | Reasoning: No actions with positive utility or alignment with persona.
Updating agent agent_1 (Tick: 47, Persona: Opportunistic Seller, Need: 19.76169343604523 MHz)...
  [agent_1] Action: No action taken | Reasoning: No actions with positive utility or alignment with persona.
Updating agent agent_2 (Tick: 47, Persona: Performance Driven Buyer, Need: 83.3529931920583 MHz)...
  [agent_2] Action: No action taken | Reasoning: No actions with positive utility or alignment with persona.
Updating agent agent_3 (Tick: 47, Persona: Budget Focused Buyer, Need: 93.3480516937837 MHz)...
  [agent_3] Action: No action taken | Reasoning: No actions with positive utility or alignment with persona.
Updating agent agent_4 (Tick: 47, Persona: Balanced, Need: 52.884149007441515 MHz)...
  [agent_4] Action: No action taken | Reasoning: No actions with positive utility or alignment with persona.
Updating agent agent_0 (Tick: 48, Persona: Opportunistic Seller, Need: 11.049180531924554 MHz)...
  [agent_0] Action: No action taken | Reasoning: No actions with positive utility or alignment with persona.
Updating agent agent_1 (Tick: 48, Persona: Opportunistic Seller, Need: 18.196382663392438 MHz)...
  [agent_1] Action: No action taken | Reasoning: No actions with positive utility or alignment with persona.
Updating agent agent_2 (Tick: 48, Persona: Performance Driven Buyer, Need: 81.65102281108892 MHz)...
  [agent_2] Action: No action taken | Reasoning: No actions with positive utility or alignment with persona.
Updating agent agent_3 (Tick: 48, Persona: Budget Focused Buyer, Need: 94.47995174229283 MHz)...
  [agent_3] Action: No action taken | Reasoning: No actions with positive utility or alignment with persona.
Updating agent agent_4 (Tick: 48, Persona: Balanced, Need: 53.34937844591952 MHz)...
  [agent_4] Action: No action taken | Reasoning: No actions with positive utility or alignment with persona.
Updating agent agent_0 (Tick: 49, Persona: Opportunistic Seller, Need: 13.5207665841752 MHz)...
  [agent_0] Action: No action taken | Reasoning: No actions with positive utility or alignment with persona.
Updating agent agent_1 (Tick: 49, Persona: Opportunistic Seller, Need: 23.660070203695813 MHz)...
  [agent_1] Action: No action taken | Reasoning: No actions with positive utility or alignment with persona.
Updating agent agent_2 (Tick: 49, Persona: Performance Driven Buyer, Need: 80.75367607929199 MHz)...
  [agent_2] Action: No action taken | Reasoning: No actions with positive utility or alignment with persona.
Updating agent agent_3 (Tick: 49, Persona: Budget Focused Buyer, Need: 88.06324042212327 MHz)...
  [agent_3] Action: No action taken | Reasoning: No actions with positive utility or alignment with persona.
Updating agent agent_4 (Tick: 49, Persona: Balanced, Need: 51.07204518171419 MHz)...
  [agent_4] Action: No action taken | Reasoning: No actions with positive utility or alignment with persona.
Updating agent agent_0 (Tick: 50, Persona: Opportunistic Seller, Need: 12.09240588449082 MHz)...
  [agent_0] Action: No action taken | Reasoning: No actions with positive utility or alignment with persona.
Updating agent agent_1 (Tick: 50, Persona: Opportunistic Seller, Need: 21.270446781264184 MHz)...
  [agent_1] Action: No action taken | Reasoning: No actions with positive utility or alignment with persona.
Updating agent agent_2 (Tick: 50, Persona: Performance Driven Buyer, Need: 81.86602170711826 MHz)...
  [agent_2] Action: No action taken | Reasoning: No actions with positive utility or alignment with persona.
Updating agent agent_3 (Tick: 50, Persona: Budget Focused Buyer, Need: 91.69512486622536 MHz)...
  [agent_3] Action: No action taken | Reasoning: No actions with positive utility or alignment with persona.
Updating agent agent_4 (Tick: 50, Persona: Balanced, Need: 54.43466297318497 MHz)...
  [agent_4] Action: No action taken | Reasoning: No actions with positive utility or alignment with persona.

--- Test Scenario scenario_4_price_discovery Complete ---
Results saved to ./scenario_4_price_discovery_results.json
